<?xml version="1.0" encoding="UTF-8"?>
<!-- Generated by org.testng.reporters.JUnitXMLReporter -->
<testsuite ignored="0" hostname="Lenovo" failures="1" tests="1" name="Test" time="25.912" errors="0" timestamp="2020-11-07T15:59:26 GMT-08:00">
  <testcase classname="project.test" name="main" time="25.617">
    <failure type="org.openqa.selenium.SessionNotCreatedException" message="session not created: This version of ChromeDriver only supports Chrome version 84
Build info: version: &amp;apos;3.141.59&amp;apos;, revision: &amp;apos;e82be7d358&amp;apos;, time: &amp;apos;2018-11-14T08:17:03&amp;apos;
System info: host: &amp;apos;LENOVO&amp;apos;, ip: &amp;apos;100.87.95.232&amp;apos;, os.name: &amp;apos;Windows 10&amp;apos;, os.arch: &amp;apos;amd64&amp;apos;, os.version: &amp;apos;10.0&amp;apos;, java.version: &amp;apos;14.0.1&amp;apos;
Driver info: driver.version: ChromeDriver
remote stacktrace: Backtrace:
	Ordinal0 [0x006087E3+2852835]
	Ordinal0 [0x004F5BB1+1727409]
	Ordinal0 [0x003CE4B9+517305]
	Ordinal0 [0x00360BA0+68512]
	Ordinal0 [0x0035D3A0+54176]
	Ordinal0 [0x0037D9F7+186871]
	Ordinal0 [0x0037D7FD+186365]
	Ordinal0 [0x0037B70B+177931]
	Ordinal0 [0x00362584+75140]
	Ordinal0 [0x00363650+79440]
	Ordinal0 [0x003635E9+79337]
	Ordinal0 [0x0050AD5C+1813852]
	GetHandleVerifier [0x0072C616+1075574]
	GetHandleVerifier [0x0072C367+1074887]
	GetHandleVerifier [0x00737497+1120247]
	GetHandleVerifier [0x0072CC16+1077110]
	Ordinal0 [0x00503206+1782278]
	Ordinal0 [0x0050C3BB+1819579]
	Ordinal0 [0x0050C523+1819939]
	Ordinal0 [0x00522B45+1911621]
	BaseThreadInitThunk [0x76C50419+25]
	RtlGetAppContainerNamedObjectPath [0x779366DD+237]
	RtlGetAppContainerNamedObjectPath [0x779366AD+189]
">
      <![CDATA[org.openqa.selenium.SessionNotCreatedException: session not created: This version of ChromeDriver only supports Chrome version 84
Build info: version: '3.141.59', revision: 'e82be7d358', time: '2018-11-14T08:17:03'
System info: host: 'LENOVO', ip: '100.87.95.232', os.name: 'Windows 10', os.arch: 'amd64', os.version: '10.0', java.version: '14.0.1'
Driver info: driver.version: ChromeDriver
remote stacktrace: Backtrace:
Ordinal0 [0x006087E3+2852835]
Ordinal0 [0x004F5BB1+1727409]
Ordinal0 [0x003CE4B9+517305]
Ordinal0 [0x00360BA0+68512]
Ordinal0 [0x0035D3A0+54176]
Ordinal0 [0x0037D9F7+186871]
Ordinal0 [0x0037D7FD+186365]
Ordinal0 [0x0037B70B+177931]
Ordinal0 [0x00362584+75140]
Ordinal0 [0x00363650+79440]
Ordinal0 [0x003635E9+79337]
Ordinal0 [0x0050AD5C+1813852]
GetHandleVerifier [0x0072C616+1075574]
GetHandleVerifier [0x0072C367+1074887]
GetHandleVerifier [0x00737497+1120247]
GetHandleVerifier [0x0072CC16+1077110]
Ordinal0 [0x00503206+1782278]
Ordinal0 [0x0050C3BB+1819579]
Ordinal0 [0x0050C523+1819939]
Ordinal0 [0x00522B45+1911621]
BaseThreadInitThunk [0x76C50419+25]
RtlGetAppContainerNamedObjectPath [0x779366DD+237]
RtlGetAppContainerNamedObjectPath [0x779366AD+189]

at org.openqa.selenium.remote.W3CHandshakeResponse.lambda$errorHandler$0(W3CHandshakeResponse.java:62)
at org.openqa.selenium.remote.HandshakeResponse.lambda$getResponseFunction$0(HandshakeResponse.java:30)
at org.openqa.selenium.remote.ProtocolHandshake.lambda$createSession$0(ProtocolHandshake.java:126)
at java.base/java.util.stream.ReferencePipeline$3$1.accept(ReferencePipeline.java:195)
at java.base/java.util.Spliterators$ArraySpliterator.tryAdvance(Spliterators.java:958)
at java.base/java.util.stream.ReferencePipeline.forEachWithCancel(ReferencePipeline.java:127)
at java.base/java.util.stream.AbstractPipeline.copyIntoWithCancel(AbstractPipeline.java:502)
at java.base/java.util.stream.AbstractPipeline.copyInto(AbstractPipeline.java:488)
at java.base/java.util.stream.AbstractPipeline.wrapAndCopyInto(AbstractPipeline.java:474)
at java.base/java.util.stream.FindOps$FindOp.evaluateSequential(FindOps.java:150)
at java.base/java.util.stream.AbstractPipeline.evaluate(AbstractPipeline.java:234)
at java.base/java.util.stream.ReferencePipeline.findFirst(ReferencePipeline.java:543)
at org.openqa.selenium.remote.ProtocolHandshake.createSession(ProtocolHandshake.java:128)
at org.openqa.selenium.remote.ProtocolHandshake.createSession(ProtocolHandshake.java:74)
at org.openqa.selenium.remote.HttpCommandExecutor.execute(HttpCommandExecutor.java:136)
at org.openqa.selenium.remote.service.DriverCommandExecutor.execute(DriverCommandExecutor.java:83)
at org.openqa.selenium.remote.RemoteWebDriver.execute(RemoteWebDriver.java:552)
at org.openqa.selenium.remote.RemoteWebDriver.startSession(RemoteWebDriver.java:213)
at org.openqa.selenium.remote.RemoteWebDriver.<init>(RemoteWebDriver.java:131)
at org.openqa.selenium.chrome.ChromeDriver.<init>(ChromeDriver.java:181)
at org.openqa.selenium.chrome.ChromeDriver.<init>(ChromeDriver.java:168)
at org.openqa.selenium.chrome.ChromeDriver.<init>(ChromeDriver.java:123)
at project.test.main(test.java:13)
at java.base/java.util.ArrayList.forEach(ArrayList.java:1510)
... Removed 32 stack frames]]>
    </failure>
  </testcase> <!-- main -->
</testsuite> <!-- Test -->
